<?xml version="1.0" encoding="UTF-8"?>
<!-- Generated by org.testng.reporters.JUnitReportReporter -->
<testsuite skipped="0" hostname="MacBook-Pro.local" name="test.uitestsuite.GoogleLandingTest" tests="1" failures="0" timestamp="08 Apr 2020 19:53:33 GMT" time="3.521" errors="0">
  <testcase name="googleLandingTest" time="3.521" classname="test.uitestsuite.GoogleLandingTest"/>
</testsuite> <!-- test.uitestsuite.GoogleLandingTest -->
